-------------------------------------------------------------------------------
Test set: com.heima.wemedia.AliyunTest
-------------------------------------------------------------------------------
Tests run: 2, Failures: 0, Errors: 2, Skipped: 0, Time elapsed: 4.067 s <<< FAILURE! - in com.heima.wemedia.AliyunTest
testScanImage  Time elapsed: 0.003 s  <<< ERROR!
java.lang.IllegalStateException: Failed to load ApplicationContext
Caused by: org.springframework.beans.factory.UnsatisfiedDependencyException: Error creating bean with name 'wmMaterialController': Unsatisfied dependency expressed through field 'wmMaterialService'; nested exception is org.springframework.beans.factory.UnsatisfiedDependencyException: Error creating bean with name 'wmMaterialServiceImpl': Unsatisfied dependency expressed through field 'fileStorageService'; nested exception is org.springframework.beans.factory.UnsatisfiedDependencyException: Error creating bean with name 'com.heima.file.service.impl.MinIOFileStorageService': Unsatisfied dependency expressed through field 'minioClient'; nested exception is org.springframework.beans.factory.BeanCreationException: Error creating bean with name 'buildMinioClient' defined in class path resource [com/heima/file/config/MinIOConfig.class]: Bean instantiation via factory method failed; nested exception is org.springframework.beans.BeanInstantiationException: Failed to instantiate [io.minio.MinioClient]: Factory method 'buildMinioClient' threw exception; nested exception is java.lang.IllegalArgumentException: invalid hostname
Caused by: org.springframework.beans.factory.UnsatisfiedDependencyException: Error creating bean with name 'wmMaterialServiceImpl': Unsatisfied dependency expressed through field 'fileStorageService'; nested exception is org.springframework.beans.factory.UnsatisfiedDependencyException: Error creating bean with name 'com.heima.file.service.impl.MinIOFileStorageService': Unsatisfied dependency expressed through field 'minioClient'; nested exception is org.springframework.beans.factory.BeanCreationException: Error creating bean with name 'buildMinioClient' defined in class path resource [com/heima/file/config/MinIOConfig.class]: Bean instantiation via factory method failed; nested exception is org.springframework.beans.BeanInstantiationException: Failed to instantiate [io.minio.MinioClient]: Factory method 'buildMinioClient' threw exception; nested exception is java.lang.IllegalArgumentException: invalid hostname
Caused by: org.springframework.beans.factory.UnsatisfiedDependencyException: Error creating bean with name 'com.heima.file.service.impl.MinIOFileStorageService': Unsatisfied dependency expressed through field 'minioClient'; nested exception is org.springframework.beans.factory.BeanCreationException: Error creating bean with name 'buildMinioClient' defined in class path resource [com/heima/file/config/MinIOConfig.class]: Bean instantiation via factory method failed; nested exception is org.springframework.beans.BeanInstantiationException: Failed to instantiate [io.minio.MinioClient]: Factory method 'buildMinioClient' threw exception; nested exception is java.lang.IllegalArgumentException: invalid hostname
Caused by: org.springframework.beans.factory.BeanCreationException: Error creating bean with name 'buildMinioClient' defined in class path resource [com/heima/file/config/MinIOConfig.class]: Bean instantiation via factory method failed; nested exception is org.springframework.beans.BeanInstantiationException: Failed to instantiate [io.minio.MinioClient]: Factory method 'buildMinioClient' threw exception; nested exception is java.lang.IllegalArgumentException: invalid hostname
Caused by: org.springframework.beans.BeanInstantiationException: Failed to instantiate [io.minio.MinioClient]: Factory method 'buildMinioClient' threw exception; nested exception is java.lang.IllegalArgumentException: invalid hostname
Caused by: java.lang.IllegalArgumentException: invalid hostname

testScanText  Time elapsed: 0 s  <<< ERROR!
java.lang.IllegalStateException: Failed to load ApplicationContext
Caused by: org.springframework.beans.factory.UnsatisfiedDependencyException: Error creating bean with name 'wmMaterialController': Unsatisfied dependency expressed through field 'wmMaterialService'; nested exception is org.springframework.beans.factory.UnsatisfiedDependencyException: Error creating bean with name 'wmMaterialServiceImpl': Unsatisfied dependency expressed through field 'fileStorageService'; nested exception is org.springframework.beans.factory.UnsatisfiedDependencyException: Error creating bean with name 'com.heima.file.service.impl.MinIOFileStorageService': Unsatisfied dependency expressed through field 'minioClient'; nested exception is org.springframework.beans.factory.BeanCreationException: Error creating bean with name 'buildMinioClient' defined in class path resource [com/heima/file/config/MinIOConfig.class]: Bean instantiation via factory method failed; nested exception is org.springframework.beans.BeanInstantiationException: Failed to instantiate [io.minio.MinioClient]: Factory method 'buildMinioClient' threw exception; nested exception is java.lang.IllegalArgumentException: invalid hostname
Caused by: org.springframework.beans.factory.UnsatisfiedDependencyException: Error creating bean with name 'wmMaterialServiceImpl': Unsatisfied dependency expressed through field 'fileStorageService'; nested exception is org.springframework.beans.factory.UnsatisfiedDependencyException: Error creating bean with name 'com.heima.file.service.impl.MinIOFileStorageService': Unsatisfied dependency expressed through field 'minioClient'; nested exception is org.springframework.beans.factory.BeanCreationException: Error creating bean with name 'buildMinioClient' defined in class path resource [com/heima/file/config/MinIOConfig.class]: Bean instantiation via factory method failed; nested exception is org.springframework.beans.BeanInstantiationException: Failed to instantiate [io.minio.MinioClient]: Factory method 'buildMinioClient' threw exception; nested exception is java.lang.IllegalArgumentException: invalid hostname
Caused by: org.springframework.beans.factory.UnsatisfiedDependencyException: Error creating bean with name 'com.heima.file.service.impl.MinIOFileStorageService': Unsatisfied dependency expressed through field 'minioClient'; nested exception is org.springframework.beans.factory.BeanCreationException: Error creating bean with name 'buildMinioClient' defined in class path resource [com/heima/file/config/MinIOConfig.class]: Bean instantiation via factory method failed; nested exception is org.springframework.beans.BeanInstantiationException: Failed to instantiate [io.minio.MinioClient]: Factory method 'buildMinioClient' threw exception; nested exception is java.lang.IllegalArgumentException: invalid hostname
Caused by: org.springframework.beans.factory.BeanCreationException: Error creating bean with name 'buildMinioClient' defined in class path resource [com/heima/file/config/MinIOConfig.class]: Bean instantiation via factory method failed; nested exception is org.springframework.beans.BeanInstantiationException: Failed to instantiate [io.minio.MinioClient]: Factory method 'buildMinioClient' threw exception; nested exception is java.lang.IllegalArgumentException: invalid hostname
Caused by: org.springframework.beans.BeanInstantiationException: Failed to instantiate [io.minio.MinioClient]: Factory method 'buildMinioClient' threw exception; nested exception is java.lang.IllegalArgumentException: invalid hostname
Caused by: java.lang.IllegalArgumentException: invalid hostname

